%EventDef PajeDefineContainerType 1
% Type string
% Alias string
% Name string
%EndEventDef

%EventDef PajeCreateContainer 2
% Time date 
% Type string  
% Alias string 
% Name string   
% Container string  
%EndEventDef

%EventDef PajeDestroyContainer 3
% Time date
% Name string 
% Type string
%EndEventDef

%EventDef PajeDefineStateType 4
% Alias string 
% Type string 
% Name string 
%EndEventDef

%EventDef PajeDefineEntityValue 5
% Alias string  
% Type string  
% Name string  
% Color color 
%EndEventDef

%EventDef PajeSetState 6
% Time date  
% Type string  
% Container string  
% Value string  
%EndEventDef 

%EventDef PajeDefineEventType 7
% Type string
% Alias string
% Name string
%EndEventDef

%EventDef PajeNewEvent 8
% Time date
% Type string
% Container string
% Value string
%EndEventDef

%EventDef PajeDefineVariableType 9
% Type string
% Alias string
% Name string
% Color string
%EndEventDef

%EventDef PajeSetVariable 10
% Time date
% Type string
% Container string
% Value double
%EndEventDef

# Container types creation
1 0 root_ct "Machines"
1 root_ct machine_ct "Machine"
1 0 scheduler_ct "Scheduler"
1 scheduler_ct killer_ct "Killer"

# Event types creation
7 killer_ct kk "Job kill"
7 machine_ct km "Job kill"

# Variable types creation
9 scheduler_ct vu_vt "Utilization" "0.0 0.5 0.0"

# Containers creation
2 0.000000 root_ct root "Machines" 0
2 0.000000 machine_ct m0 "0" root
2 0.000000 machine_ct m1 "1" root
2 0.000000 machine_ct m2 "2" root
2 0.000000 machine_ct m3 "3" root
2 0.000000 machine_ct m4 "4" root
2 0.000000 machine_ct m5 "5" root
2 0.000000 machine_ct m6 "6" root
2 0.000000 machine_ct m7 "7" root
2 0.000000 machine_ct m8 "8" root
2 0.000000 machine_ct m9 "9" root
2 0.000000 scheduler_ct sc "Scheduler" 0
2 0.000000 killer_ct k "Killer" sc

# States creation
4 machine_state machine_ct "Machine state"

# Creation of the different values the machine state can be
5 w machine_state "Waiting" "0.0 0.0 0.0"
5 l machine_state "Launching" "0.3 0.3 0.3"

# Begin of events
6 0.000000 machine_state m0 w
6 0.000000 machine_state m1 w
6 0.000000 machine_state m2 w
6 0.000000 machine_state m3 w
6 0.000000 machine_state m4 w
6 0.000000 machine_state m5 w
6 0.000000 machine_state m6 w
6 0.000000 machine_state m7 w
6 0.000000 machine_state m8 w
6 0.000000 machine_state m9 w
5 j0a1d4c!1 machine_state "0a1d4c!1" "0.000000 0.812500 1.000000"
6 0.000075 machine_state m0 j0a1d4c!1
5 j0a1d4c!2 machine_state "0a1d4c!2" "1.000000 0.000000 0.000000"
6 1.000060 machine_state m1 j0a1d4c!2
6 1.000060 machine_state m2 j0a1d4c!2
6 1.000060 machine_state m3 j0a1d4c!2
6 1.000060 machine_state m4 j0a1d4c!2
6 1.000060 machine_state m5 j0a1d4c!2
6 1.000060 machine_state m6 j0a1d4c!2
6 1.000060 machine_state m7 j0a1d4c!2
5 j0a1d4c!3 machine_state "0a1d4c!3" "1.000000 0.750000 0.000000"
6 2.000060 machine_state m8 j0a1d4c!3
8 4.000060 kk k "0a1d4c!2"
8 4.000060 km m1 "0a1d4c!2"
8 4.000060 km m2 "0a1d4c!2"
8 4.000060 km m3 "0a1d4c!2"
8 4.000060 km m4 "0a1d4c!2"
8 4.000060 km m5 "0a1d4c!2"
8 4.000060 km m6 "0a1d4c!2"
8 4.000060 km m7 "0a1d4c!2"
6 4.000060 machine_state m1 w
6 4.000060 machine_state m2 w
6 4.000060 machine_state m3 w
6 4.000060 machine_state m4 w
6 4.000060 machine_state m5 w
6 4.000060 machine_state m6 w
6 4.000060 machine_state m7 w
5 j0a1d4c!5 machine_state "0a1d4c!5" "0.593750 0.000000 1.000000"
6 4.000090 machine_state m1 j0a1d4c!5
5 j0a1d4c!4 machine_state "0a1d4c!4" "0.000000 1.000000 0.062500"
6 4.000105 machine_state m2 j0a1d4c!4
6 4.000105 machine_state m3 j0a1d4c!4
8 5.000060 kk k "0a1d4c!3"
8 5.000060 km m8 "0a1d4c!3"
6 5.000060 machine_state m8 w
5 j0a1d4c!6 machine_state "0a1d4c!6" "0.687500 0.000000 1.000000"
6 5.000120 machine_state m4 j0a1d4c!6
6 5.000120 machine_state m5 j0a1d4c!6
6 5.000120 machine_state m6 j0a1d4c!6
6 5.000120 machine_state m7 j0a1d4c!6
6 5.000120 machine_state m8 j0a1d4c!6
6 5.000120 machine_state m9 j0a1d4c!6
8 6.000090 kk k "0a1d4c!5"
8 6.000090 km m1 "0a1d4c!5"
6 6.000090 machine_state m1 w
5 j0a1d4c!7 machine_state "0a1d4c!7" "0.968750 1.000000 0.000000"
6 6.000105 machine_state m1 j0a1d4c!7
8 8.000120 kk k "0a1d4c!6"
8 8.000120 km m4 "0a1d4c!6"
8 8.000120 km m5 "0a1d4c!6"
8 8.000120 km m6 "0a1d4c!6"
8 8.000120 km m7 "0a1d4c!6"
8 8.000120 km m8 "0a1d4c!6"
8 8.000120 km m9 "0a1d4c!6"
6 8.000120 machine_state m4 w
6 8.000120 machine_state m5 w
6 8.000120 machine_state m6 w
6 8.000120 machine_state m7 w
6 8.000120 machine_state m8 w
6 8.000120 machine_state m9 w
5 j0a1d4c!9 machine_state "0a1d4c!9" "0.000000 1.000000 0.718750"
6 8.000135 machine_state m4 j0a1d4c!9
6 8.000135 machine_state m5 j0a1d4c!9
5 j0a1d4c!11 machine_state "0a1d4c!11" "0.593750 1.000000 0.000000"
6 10.000060 machine_state m6 j0a1d4c!11
8 11.000135 kk k "0a1d4c!9"
8 11.000135 km m4 "0a1d4c!9"
8 11.000135 km m5 "0a1d4c!9"
6 11.000135 machine_state m4 w
6 11.000135 machine_state m5 w
5 j0a1d4c!12 machine_state "0a1d4c!12" "0.312500 0.000000 1.000000"
6 11.000150 machine_state m4 j0a1d4c!12
8 12.000075 kk k "0a1d4c!1"
8 12.000075 km m0 "0a1d4c!1"
6 12.000075 machine_state m0 w
5 j0a1d4c!13 machine_state "0a1d4c!13" "1.000000 0.000000 0.093750"
6 12.000120 machine_state m0 j0a1d4c!13
6 12.000120 machine_state m5 j0a1d4c!13
8 13.000060 kk k "0a1d4c!11"
8 13.000060 km m6 "0a1d4c!11"
6 13.000060 machine_state m6 w
8 14.000120 kk k "0a1d4c!13"
8 14.000120 km m0 "0a1d4c!13"
8 14.000120 km m5 "0a1d4c!13"
6 14.000120 machine_state m0 w
6 14.000120 machine_state m5 w
5 j0a1d4c!14 machine_state "0a1d4c!14" "1.000000 0.000000 0.187500"
6 14.000150 machine_state m0 j0a1d4c!14
6 14.000150 machine_state m5 j0a1d4c!14
6 14.000150 machine_state m6 j0a1d4c!14
6 14.000150 machine_state m7 j0a1d4c!14
6 14.000150 machine_state m8 j0a1d4c!14
6 14.000150 machine_state m9 j0a1d4c!14
8 15.000150 kk k "0a1d4c!14"
8 15.000150 km m0 "0a1d4c!14"
8 15.000150 km m5 "0a1d4c!14"
8 15.000150 km m6 "0a1d4c!14"
8 15.000150 km m7 "0a1d4c!14"
8 15.000150 km m8 "0a1d4c!14"
8 15.000150 km m9 "0a1d4c!14"
6 15.000150 machine_state m0 w
6 15.000150 machine_state m5 w
6 15.000150 machine_state m6 w
6 15.000150 machine_state m7 w
6 15.000150 machine_state m8 w
6 15.000150 machine_state m9 w
5 j0a1d4c!10 machine_state "0a1d4c!10" "1.000000 0.000000 0.937500"
6 15.000165 machine_state m0 j0a1d4c!10
6 15.000165 machine_state m5 j0a1d4c!10
6 15.000165 machine_state m6 j0a1d4c!10
6 15.000165 machine_state m7 j0a1d4c!10
6 15.000165 machine_state m8 j0a1d4c!10
6 15.000165 machine_state m9 j0a1d4c!10
8 17.000165 kk k "0a1d4c!10"
8 17.000165 km m0 "0a1d4c!10"
8 17.000165 km m5 "0a1d4c!10"
8 17.000165 km m6 "0a1d4c!10"
8 17.000165 km m7 "0a1d4c!10"
8 17.000165 km m8 "0a1d4c!10"
8 17.000165 km m9 "0a1d4c!10"
6 17.000165 machine_state m0 w
6 17.000165 machine_state m5 w
6 17.000165 machine_state m6 w
6 17.000165 machine_state m7 w
6 17.000165 machine_state m8 w
6 17.000165 machine_state m9 w
5 j0a1d4c!17 machine_state "0a1d4c!17" "0.000000 0.156250 1.000000"
6 17.000180 machine_state m0 j0a1d4c!17
5 j0a1d4c!15 machine_state "0a1d4c!15" "0.000000 0.718750 1.000000"
6 17.000195 machine_state m5 j0a1d4c!15
6 17.000195 machine_state m6 j0a1d4c!15
8 18.000180 kk k "0a1d4c!17"
8 18.000180 km m0 "0a1d4c!17"
6 18.000180 machine_state m0 w
8 19.000105 kk k "0a1d4c!4"
8 19.000105 km m2 "0a1d4c!4"
8 19.000105 km m3 "0a1d4c!4"
6 19.000105 machine_state m2 w
6 19.000105 machine_state m3 w
5 j0a1d4c!19 machine_state "0a1d4c!19" "1.000000 0.000000 0.468750"
6 19.000135 machine_state m0 j0a1d4c!19
6 19.000135 machine_state m2 j0a1d4c!19
6 19.000135 machine_state m3 j0a1d4c!19
6 19.000135 machine_state m7 j0a1d4c!19
6 19.000135 machine_state m8 j0a1d4c!19
8 21.000105 kk k "0a1d4c!7"
8 21.000105 km m1 "0a1d4c!7"
6 21.000105 machine_state m1 w
8 22.000135 kk k "0a1d4c!19"
8 22.000135 km m0 "0a1d4c!19"
8 22.000135 km m2 "0a1d4c!19"
8 22.000135 km m3 "0a1d4c!19"
8 22.000135 km m7 "0a1d4c!19"
8 22.000135 km m8 "0a1d4c!19"
6 22.000135 machine_state m0 w
6 22.000135 machine_state m2 w
6 22.000135 machine_state m3 w
6 22.000135 machine_state m7 w
6 22.000135 machine_state m8 w
5 j0a1d4c!21 machine_state "0a1d4c!21" "0.000000 1.000000 0.812500"
6 22.000165 machine_state m0 j0a1d4c!21
6 22.000165 machine_state m1 j0a1d4c!21
6 22.000165 machine_state m2 j0a1d4c!21
6 22.000165 machine_state m3 j0a1d4c!21
6 22.000165 machine_state m7 j0a1d4c!21
6 22.000165 machine_state m8 j0a1d4c!21
8 23.000150 kk k "0a1d4c!12"
8 23.000150 km m4 "0a1d4c!12"
6 23.000150 machine_state m4 w
5 j0a1d4c!23 machine_state "0a1d4c!23" "0.000000 0.906250 1.000000"
6 23.000180 machine_state m4 j0a1d4c!23
6 23.000180 machine_state m9 j0a1d4c!23
8 25.000165 kk k "0a1d4c!21"
8 25.000165 km m0 "0a1d4c!21"
8 25.000165 km m1 "0a1d4c!21"
8 25.000165 km m2 "0a1d4c!21"
8 25.000165 km m3 "0a1d4c!21"
8 25.000165 km m7 "0a1d4c!21"
8 25.000165 km m8 "0a1d4c!21"
6 25.000165 machine_state m0 w
6 25.000165 machine_state m1 w
6 25.000165 machine_state m2 w
6 25.000165 machine_state m3 w
6 25.000165 machine_state m7 w
6 25.000165 machine_state m8 w
5 j0a1d4c!25 machine_state "0a1d4c!25" "0.218750 0.000000 1.000000"
6 25.000180 machine_state m0 j0a1d4c!25
6 25.000180 machine_state m1 j0a1d4c!25
6 25.000180 machine_state m2 j0a1d4c!25
6 25.000180 machine_state m3 j0a1d4c!25
6 25.000180 machine_state m7 j0a1d4c!25
8 26.000180 kk k "0a1d4c!23"
8 26.000180 km m4 "0a1d4c!23"
8 26.000180 km m9 "0a1d4c!23"
6 26.000180 machine_state m4 w
6 26.000180 machine_state m9 w
5 j0a1d4c!27 machine_state "0a1d4c!27" "0.031250 1.000000 0.000000"
6 26.000195 machine_state m4 j0a1d4c!27
8 27.000180 kk k "0a1d4c!25"
8 27.000180 km m0 "0a1d4c!25"
8 27.000180 km m1 "0a1d4c!25"
8 27.000180 km m2 "0a1d4c!25"
8 27.000180 km m3 "0a1d4c!25"
8 27.000180 km m7 "0a1d4c!25"
6 27.000180 machine_state m0 w
6 27.000180 machine_state m1 w
6 27.000180 machine_state m2 w
6 27.000180 machine_state m3 w
6 27.000180 machine_state m7 w
5 j0a1d4c!24 machine_state "0a1d4c!24" "0.000000 1.000000 0.906250"
6 27.000210 machine_state m0 j0a1d4c!24
6 27.000210 machine_state m1 j0a1d4c!24
6 27.000210 machine_state m2 j0a1d4c!24
6 27.000210 machine_state m3 j0a1d4c!24
6 27.000210 machine_state m7 j0a1d4c!24
6 27.000210 machine_state m8 j0a1d4c!24
6 27.000210 machine_state m9 j0a1d4c!24
8 28.000195 kk k "0a1d4c!27"
8 28.000195 km m4 "0a1d4c!27"
6 28.000195 machine_state m4 w
5 j0a1d4c!28 machine_state "0a1d4c!28" "0.781250 1.000000 0.000000"
6 28.000210 machine_state m4 j0a1d4c!28
8 29.000210 kk k "0a1d4c!24"
8 29.000210 km m0 "0a1d4c!24"
8 29.000210 km m1 "0a1d4c!24"
8 29.000210 km m2 "0a1d4c!24"
8 29.000210 km m3 "0a1d4c!24"
8 29.000210 km m7 "0a1d4c!24"
8 29.000210 km m8 "0a1d4c!24"
8 29.000210 km m9 "0a1d4c!24"
6 29.000210 machine_state m0 w
6 29.000210 machine_state m1 w
6 29.000210 machine_state m2 w
6 29.000210 machine_state m3 w
6 29.000210 machine_state m7 w
6 29.000210 machine_state m8 w
6 29.000210 machine_state m9 w
5 j0a1d4c!26 machine_state "0a1d4c!26" "0.218750 1.000000 0.000000"
6 29.000225 machine_state m0 j0a1d4c!26
6 29.000225 machine_state m1 j0a1d4c!26
6 29.000225 machine_state m2 j0a1d4c!26
6 29.000225 machine_state m3 j0a1d4c!26
6 29.000225 machine_state m7 j0a1d4c!26
6 29.000225 machine_state m8 j0a1d4c!26
6 29.000225 machine_state m9 j0a1d4c!26
8 31.000225 kk k "0a1d4c!26"
8 31.000225 km m0 "0a1d4c!26"
8 31.000225 km m1 "0a1d4c!26"
8 31.000225 km m2 "0a1d4c!26"
8 31.000225 km m3 "0a1d4c!26"
8 31.000225 km m7 "0a1d4c!26"
8 31.000225 km m8 "0a1d4c!26"
8 31.000225 km m9 "0a1d4c!26"
6 31.000225 machine_state m0 w
6 31.000225 machine_state m1 w
6 31.000225 machine_state m2 w
6 31.000225 machine_state m3 w
6 31.000225 machine_state m7 w
6 31.000225 machine_state m8 w
6 31.000225 machine_state m9 w
5 j0a1d4c!20 machine_state "0a1d4c!20" "0.000000 1.000000 0.437500"
6 31.000240 machine_state m0 j0a1d4c!20
6 31.000240 machine_state m1 j0a1d4c!20
6 31.000240 machine_state m2 j0a1d4c!20
6 31.000240 machine_state m3 j0a1d4c!20
6 31.000240 machine_state m7 j0a1d4c!20
5 j0a1d4c!32 machine_state "0a1d4c!32" "0.687500 1.000000 0.000000"
6 31.000255 machine_state m8 j0a1d4c!32
6 31.000255 machine_state m9 j0a1d4c!32
8 32.000195 kk k "0a1d4c!15"
8 32.000195 km m5 "0a1d4c!15"
8 32.000195 km m6 "0a1d4c!15"
6 32.000195 machine_state m5 w
6 32.000195 machine_state m6 w
5 j0a1d4c!33 machine_state "0a1d4c!33" "0.000000 1.000000 0.625000"
6 32.000210 machine_state m5 j0a1d4c!33
8 34.000240 kk k "0a1d4c!20"
8 34.000240 km m0 "0a1d4c!20"
8 34.000240 km m1 "0a1d4c!20"
8 34.000240 km m2 "0a1d4c!20"
8 34.000240 km m3 "0a1d4c!20"
8 34.000240 km m7 "0a1d4c!20"
6 34.000240 machine_state m0 w
6 34.000240 machine_state m1 w
6 34.000240 machine_state m2 w
6 34.000240 machine_state m3 w
6 34.000240 machine_state m7 w
8 35.000210 kk k "0a1d4c!33"
8 35.000210 km m5 "0a1d4c!33"
6 35.000210 machine_state m5 w
5 j0a1d4c!36 machine_state "0a1d4c!36" "0.000000 1.000000 0.531250"
6 35.000240 machine_state m0 j0a1d4c!36
6 35.000240 machine_state m1 j0a1d4c!36
6 35.000240 machine_state m2 j0a1d4c!36
6 35.000240 machine_state m3 j0a1d4c!36
6 35.000240 machine_state m5 j0a1d4c!36
6 35.000240 machine_state m6 j0a1d4c!36
6 35.000240 machine_state m7 j0a1d4c!36
8 36.000240 kk k "0a1d4c!36"
8 36.000240 km m0 "0a1d4c!36"
8 36.000240 km m1 "0a1d4c!36"
8 36.000240 km m2 "0a1d4c!36"
8 36.000240 km m3 "0a1d4c!36"
8 36.000240 km m5 "0a1d4c!36"
8 36.000240 km m6 "0a1d4c!36"
8 36.000240 km m7 "0a1d4c!36"
6 36.000240 machine_state m0 w
6 36.000240 machine_state m1 w
6 36.000240 machine_state m2 w
6 36.000240 machine_state m3 w
6 36.000240 machine_state m5 w
6 36.000240 machine_state m6 w
6 36.000240 machine_state m7 w
5 j0a1d4c!37 machine_state "0a1d4c!37" "1.000000 0.937500 0.000000"
6 36.000255 machine_state m0 j0a1d4c!37
6 36.000255 machine_state m1 j0a1d4c!37
5 j0a1d4c!38 machine_state "0a1d4c!38" "1.000000 0.000000 0.562500"
6 37.000075 machine_state m2 j0a1d4c!38
8 38.000075 kk k "0a1d4c!38"
8 38.000075 km m2 "0a1d4c!38"
6 38.000075 machine_state m2 w
5 j0a1d4c!39 machine_state "0a1d4c!39" "1.000000 0.000000 0.750000"
6 38.000090 machine_state m2 j0a1d4c!39
8 38.000210 kk k "0a1d4c!28"
8 38.000210 km m4 "0a1d4c!28"
6 38.000210 machine_state m4 w
8 39.000255 kk k "0a1d4c!37"
8 39.000255 km m0 "0a1d4c!37"
8 39.000255 km m1 "0a1d4c!37"
6 39.000255 machine_state m0 w
6 39.000255 machine_state m1 w
5 j0a1d4c!40 machine_state "0a1d4c!40" "0.000000 1.000000 1.000000"
6 39.000285 machine_state m0 j0a1d4c!40
6 39.000285 machine_state m1 j0a1d4c!40
6 39.000285 machine_state m3 j0a1d4c!40
6 39.000285 machine_state m4 j0a1d4c!40
6 39.000285 machine_state m5 j0a1d4c!40
8 40.000285 kk k "0a1d4c!40"
8 40.000285 km m0 "0a1d4c!40"
8 40.000285 km m1 "0a1d4c!40"
8 40.000285 km m3 "0a1d4c!40"
8 40.000285 km m4 "0a1d4c!40"
8 40.000285 km m5 "0a1d4c!40"
6 40.000285 machine_state m0 w
6 40.000285 machine_state m1 w
6 40.000285 machine_state m3 w
6 40.000285 machine_state m4 w
6 40.000285 machine_state m5 w
5 j0a1d4c!41 machine_state "0a1d4c!41" "0.875000 1.000000 0.000000"
6 40.000300 machine_state m0 j0a1d4c!41
6 40.000300 machine_state m1 j0a1d4c!41
6 40.000300 machine_state m3 j0a1d4c!41
6 40.000300 machine_state m4 j0a1d4c!41
6 40.000300 machine_state m5 j0a1d4c!41
8 41.000090 kk k "0a1d4c!39"
8 41.000090 km m2 "0a1d4c!39"
6 41.000090 machine_state m2 w
5 j0a1d4c!42 machine_state "0a1d4c!42" "0.968750 0.000000 1.000000"
6 41.000120 machine_state m2 j0a1d4c!42
6 41.000120 machine_state m6 j0a1d4c!42
8 42.000120 kk k "0a1d4c!42"
8 42.000120 km m2 "0a1d4c!42"
8 42.000120 km m6 "0a1d4c!42"
6 42.000120 machine_state m2 w
6 42.000120 machine_state m6 w
8 43.000300 kk k "0a1d4c!41"
8 43.000300 km m0 "0a1d4c!41"
8 43.000300 km m1 "0a1d4c!41"
8 43.000300 km m3 "0a1d4c!41"
8 43.000300 km m4 "0a1d4c!41"
8 43.000300 km m5 "0a1d4c!41"
6 43.000300 machine_state m0 w
6 43.000300 machine_state m1 w
6 43.000300 machine_state m3 w
6 43.000300 machine_state m4 w
6 43.000300 machine_state m5 w
5 j0a1d4c!16 machine_state "0a1d4c!16" "1.000000 0.093750 0.000000"
6 43.000330 machine_state m0 j0a1d4c!16
6 43.000330 machine_state m1 j0a1d4c!16
6 43.000330 machine_state m2 j0a1d4c!16
6 43.000330 machine_state m3 j0a1d4c!16
6 43.000330 machine_state m4 j0a1d4c!16
6 43.000330 machine_state m5 j0a1d4c!16
6 43.000330 machine_state m6 j0a1d4c!16
6 43.000330 machine_state m7 j0a1d4c!16
8 44.000255 kk k "0a1d4c!32"
8 44.000255 km m8 "0a1d4c!32"
8 44.000255 km m9 "0a1d4c!32"
6 44.000255 machine_state m8 w
6 44.000255 machine_state m9 w
5 j0a1d4c!44 machine_state "0a1d4c!44" "1.000000 0.000000 0.656250"
6 44.000270 machine_state m8 j0a1d4c!44
6 44.000270 machine_state m9 j0a1d4c!44
8 45.000330 kk k "0a1d4c!16"
8 45.000330 km m0 "0a1d4c!16"
8 45.000330 km m1 "0a1d4c!16"
8 45.000330 km m2 "0a1d4c!16"
8 45.000330 km m3 "0a1d4c!16"
8 45.000330 km m4 "0a1d4c!16"
8 45.000330 km m5 "0a1d4c!16"
8 45.000330 km m6 "0a1d4c!16"
8 45.000330 km m7 "0a1d4c!16"
6 45.000330 machine_state m0 w
6 45.000330 machine_state m1 w
6 45.000330 machine_state m2 w
6 45.000330 machine_state m3 w
6 45.000330 machine_state m4 w
6 45.000330 machine_state m5 w
6 45.000330 machine_state m6 w
6 45.000330 machine_state m7 w
5 j0a1d4c!45 machine_state "0a1d4c!45" "0.500000 0.000000 1.000000"
6 45.000345 machine_state m0 j0a1d4c!45
6 45.000345 machine_state m1 j0a1d4c!45
6 45.000345 machine_state m2 j0a1d4c!45
6 45.000345 machine_state m3 j0a1d4c!45
6 45.000345 machine_state m4 j0a1d4c!45
6 45.000345 machine_state m5 j0a1d4c!45
6 45.000345 machine_state m6 j0a1d4c!45
6 45.000345 machine_state m7 j0a1d4c!45
8 46.000345 kk k "0a1d4c!45"
8 46.000345 km m0 "0a1d4c!45"
8 46.000345 km m1 "0a1d4c!45"
8 46.000345 km m2 "0a1d4c!45"
8 46.000345 km m3 "0a1d4c!45"
8 46.000345 km m4 "0a1d4c!45"
8 46.000345 km m5 "0a1d4c!45"
8 46.000345 km m6 "0a1d4c!45"
8 46.000345 km m7 "0a1d4c!45"
6 46.000345 machine_state m0 w
6 46.000345 machine_state m1 w
6 46.000345 machine_state m2 w
6 46.000345 machine_state m3 w
6 46.000345 machine_state m4 w
6 46.000345 machine_state m5 w
6 46.000345 machine_state m6 w
6 46.000345 machine_state m7 w
5 j0a1d4c!46 machine_state "0a1d4c!46" "1.000000 0.000000 0.843750"
6 46.000360 machine_state m0 j0a1d4c!46
6 46.000360 machine_state m1 j0a1d4c!46
8 49.000360 kk k "0a1d4c!46"
8 49.000360 km m0 "0a1d4c!46"
8 49.000360 km m1 "0a1d4c!46"
6 49.000360 machine_state m0 w
6 49.000360 machine_state m1 w
5 j0a1d4c!47 machine_state "0a1d4c!47" "0.000000 1.000000 0.343750"
6 49.000390 machine_state m0 j0a1d4c!47
6 49.000390 machine_state m1 j0a1d4c!47
6 49.000390 machine_state m2 j0a1d4c!47
6 49.000390 machine_state m3 j0a1d4c!47
6 49.000390 machine_state m4 j0a1d4c!47
6 49.000390 machine_state m5 j0a1d4c!47
6 49.000390 machine_state m6 j0a1d4c!47
8 52.000390 kk k "0a1d4c!47"
8 52.000390 km m0 "0a1d4c!47"
8 52.000390 km m1 "0a1d4c!47"
8 52.000390 km m2 "0a1d4c!47"
8 52.000390 km m3 "0a1d4c!47"
8 52.000390 km m4 "0a1d4c!47"
8 52.000390 km m5 "0a1d4c!47"
8 52.000390 km m6 "0a1d4c!47"
6 52.000390 machine_state m0 w
6 52.000390 machine_state m1 w
6 52.000390 machine_state m2 w
6 52.000390 machine_state m3 w
6 52.000390 machine_state m4 w
6 52.000390 machine_state m5 w
6 52.000390 machine_state m6 w
5 j0a1d4c!48 machine_state "0a1d4c!48" "0.000000 0.531250 1.000000"
6 52.000405 machine_state m0 j0a1d4c!48
6 52.000405 machine_state m1 j0a1d4c!48
6 52.000405 machine_state m2 j0a1d4c!48
6 52.000405 machine_state m3 j0a1d4c!48
6 52.000405 machine_state m4 j0a1d4c!48
6 52.000405 machine_state m5 j0a1d4c!48
8 53.000405 kk k "0a1d4c!48"
8 53.000405 km m0 "0a1d4c!48"
8 53.000405 km m1 "0a1d4c!48"
8 53.000405 km m2 "0a1d4c!48"
8 53.000405 km m3 "0a1d4c!48"
8 53.000405 km m4 "0a1d4c!48"
8 53.000405 km m5 "0a1d4c!48"
6 53.000405 machine_state m0 w
6 53.000405 machine_state m1 w
6 53.000405 machine_state m2 w
6 53.000405 machine_state m3 w
6 53.000405 machine_state m4 w
6 53.000405 machine_state m5 w
5 j0a1d4c!49 machine_state "0a1d4c!49" "0.125000 0.000000 1.000000"
6 53.000420 machine_state m0 j0a1d4c!49
6 53.000420 machine_state m1 j0a1d4c!49
6 53.000420 machine_state m2 j0a1d4c!49
6 53.000420 machine_state m3 j0a1d4c!49
6 53.000420 machine_state m4 j0a1d4c!49
6 53.000420 machine_state m5 j0a1d4c!49
8 54.000420 kk k "0a1d4c!49"
8 54.000420 km m0 "0a1d4c!49"
8 54.000420 km m1 "0a1d4c!49"
8 54.000420 km m2 "0a1d4c!49"
8 54.000420 km m3 "0a1d4c!49"
8 54.000420 km m4 "0a1d4c!49"
8 54.000420 km m5 "0a1d4c!49"
6 54.000420 machine_state m0 w
6 54.000420 machine_state m1 w
6 54.000420 machine_state m2 w
6 54.000420 machine_state m3 w
6 54.000420 machine_state m4 w
6 54.000420 machine_state m5 w
5 j0a1d4c!22 machine_state "0a1d4c!22" "1.000000 0.843750 0.000000"
6 54.000450 machine_state m0 j0a1d4c!22
6 54.000450 machine_state m1 j0a1d4c!22
6 54.000450 machine_state m2 j0a1d4c!22
6 54.000450 machine_state m3 j0a1d4c!22
6 54.000450 machine_state m4 j0a1d4c!22
6 54.000450 machine_state m5 j0a1d4c!22
6 54.000450 machine_state m6 j0a1d4c!22
6 54.000450 machine_state m7 j0a1d4c!22
8 57.000450 kk k "0a1d4c!22"
8 57.000450 km m0 "0a1d4c!22"
8 57.000450 km m1 "0a1d4c!22"
8 57.000450 km m2 "0a1d4c!22"
8 57.000450 km m3 "0a1d4c!22"
8 57.000450 km m4 "0a1d4c!22"
8 57.000450 km m5 "0a1d4c!22"
8 57.000450 km m6 "0a1d4c!22"
8 57.000450 km m7 "0a1d4c!22"
6 57.000450 machine_state m0 w
6 57.000450 machine_state m1 w
6 57.000450 machine_state m2 w
6 57.000450 machine_state m3 w
6 57.000450 machine_state m4 w
6 57.000450 machine_state m5 w
6 57.000450 machine_state m6 w
6 57.000450 machine_state m7 w
5 j0a1d4c!43 machine_state "0a1d4c!43" "0.000000 0.437500 1.000000"
6 57.000465 machine_state m0 j0a1d4c!43
6 57.000465 machine_state m1 j0a1d4c!43
6 57.000465 machine_state m2 j0a1d4c!43
6 57.000465 machine_state m3 j0a1d4c!43
6 57.000465 machine_state m4 j0a1d4c!43
6 57.000465 machine_state m5 j0a1d4c!43
6 57.000465 machine_state m6 j0a1d4c!43
5 j0a1d4c!51 machine_state "0a1d4c!51" "0.781250 0.000000 1.000000"
6 57.000480 machine_state m7 j0a1d4c!51
8 58.000270 kk k "0a1d4c!44"
8 58.000270 km m8 "0a1d4c!44"
8 58.000270 km m9 "0a1d4c!44"
6 58.000270 machine_state m8 w
6 58.000270 machine_state m9 w
5 j0a1d4c!53 machine_state "0a1d4c!53" "0.031250 0.000000 1.000000"
6 58.000285 machine_state m8 j0a1d4c!53
6 58.000285 machine_state m9 j0a1d4c!53
8 60.000465 kk k "0a1d4c!43"
8 60.000465 km m0 "0a1d4c!43"
8 60.000465 km m1 "0a1d4c!43"
8 60.000465 km m2 "0a1d4c!43"
8 60.000465 km m3 "0a1d4c!43"
8 60.000465 km m4 "0a1d4c!43"
8 60.000465 km m5 "0a1d4c!43"
8 60.000465 km m6 "0a1d4c!43"
6 60.000465 machine_state m0 w
6 60.000465 machine_state m1 w
6 60.000465 machine_state m2 w
6 60.000465 machine_state m3 w
6 60.000465 machine_state m4 w
6 60.000465 machine_state m5 w
6 60.000465 machine_state m6 w
5 j0a1d4c!52 machine_state "0a1d4c!52" "1.000000 0.375000 0.000000"
6 60.000480 machine_state m0 j0a1d4c!52
6 60.000480 machine_state m1 j0a1d4c!52
6 60.000480 machine_state m2 j0a1d4c!52
6 60.000480 machine_state m3 j0a1d4c!52
6 60.000480 machine_state m4 j0a1d4c!52
6 60.000480 machine_state m5 j0a1d4c!52
6 60.000480 machine_state m6 j0a1d4c!52
8 61.000285 kk k "0a1d4c!53"
8 61.000285 km m8 "0a1d4c!53"
8 61.000285 km m9 "0a1d4c!53"
6 61.000285 machine_state m8 w
6 61.000285 machine_state m9 w
8 61.000480 kk k "0a1d4c!52"
8 61.000480 km m0 "0a1d4c!52"
8 61.000480 km m1 "0a1d4c!52"
8 61.000480 km m2 "0a1d4c!52"
8 61.000480 km m3 "0a1d4c!52"
8 61.000480 km m4 "0a1d4c!52"
8 61.000480 km m5 "0a1d4c!52"
8 61.000480 km m6 "0a1d4c!52"
6 61.000480 machine_state m0 w
6 61.000480 machine_state m1 w
6 61.000480 machine_state m2 w
6 61.000480 machine_state m3 w
6 61.000480 machine_state m4 w
6 61.000480 machine_state m5 w
6 61.000480 machine_state m6 w
5 j0a1d4c!8 machine_state "0a1d4c!8" "1.000000 0.187500 0.000000"
6 61.000495 machine_state m0 j0a1d4c!8
6 61.000495 machine_state m1 j0a1d4c!8
6 61.000495 machine_state m2 j0a1d4c!8
6 61.000495 machine_state m3 j0a1d4c!8
6 61.000495 machine_state m4 j0a1d4c!8
6 61.000495 machine_state m5 j0a1d4c!8
6 61.000495 machine_state m6 j0a1d4c!8
6 61.000495 machine_state m8 j0a1d4c!8
6 61.000495 machine_state m9 j0a1d4c!8
8 62.000495 kk k "0a1d4c!8"
8 62.000495 km m0 "0a1d4c!8"
8 62.000495 km m1 "0a1d4c!8"
8 62.000495 km m2 "0a1d4c!8"
8 62.000495 km m3 "0a1d4c!8"
8 62.000495 km m4 "0a1d4c!8"
8 62.000495 km m5 "0a1d4c!8"
8 62.000495 km m6 "0a1d4c!8"
8 62.000495 km m8 "0a1d4c!8"
8 62.000495 km m9 "0a1d4c!8"
6 62.000495 machine_state m0 w
6 62.000495 machine_state m1 w
6 62.000495 machine_state m2 w
6 62.000495 machine_state m3 w
6 62.000495 machine_state m4 w
6 62.000495 machine_state m5 w
6 62.000495 machine_state m6 w
6 62.000495 machine_state m8 w
6 62.000495 machine_state m9 w
5 j0a1d4c!56 machine_state "0a1d4c!56" "0.875000 0.000000 1.000000"
6 62.000510 machine_state m0 j0a1d4c!56
6 62.000510 machine_state m1 j0a1d4c!56
6 62.000510 machine_state m2 j0a1d4c!56
6 62.000510 machine_state m3 j0a1d4c!56
6 62.000510 machine_state m4 j0a1d4c!56
5 j0a1d4c!57 machine_state "0a1d4c!57" "1.000000 0.468750 0.000000"
6 62.000525 machine_state m5 j0a1d4c!57
6 62.000525 machine_state m6 j0a1d4c!57
5 j0a1d4c!55 machine_state "0a1d4c!55" "0.000000 0.062500 1.000000"
6 62.000540 machine_state m8 j0a1d4c!55
6 62.000540 machine_state m9 j0a1d4c!55
8 63.000510 kk k "0a1d4c!56"
8 63.000510 km m0 "0a1d4c!56"
8 63.000510 km m1 "0a1d4c!56"
8 63.000510 km m2 "0a1d4c!56"
8 63.000510 km m3 "0a1d4c!56"
8 63.000510 km m4 "0a1d4c!56"
6 63.000510 machine_state m0 w
6 63.000510 machine_state m1 w
6 63.000510 machine_state m2 w
6 63.000510 machine_state m3 w
6 63.000510 machine_state m4 w
5 j0a1d4c!59 machine_state "0a1d4c!59" "0.125000 1.000000 0.000000"
6 63.000525 machine_state m0 j0a1d4c!59
6 63.000525 machine_state m1 j0a1d4c!59
6 63.000525 machine_state m2 j0a1d4c!59
6 63.000525 machine_state m3 j0a1d4c!59
6 63.000525 machine_state m4 j0a1d4c!59
8 64.000525 kk k "0a1d4c!57"
8 64.000525 km m5 "0a1d4c!57"
8 64.000525 km m6 "0a1d4c!57"
6 64.000525 machine_state m5 w
6 64.000525 machine_state m6 w
8 64.000540 kk k "0a1d4c!55"
8 64.000540 km m8 "0a1d4c!55"
8 64.000540 km m9 "0a1d4c!55"
6 64.000540 machine_state m8 w
6 64.000540 machine_state m9 w
5 j0a1d4c!54 machine_state "0a1d4c!54" "0.000000 0.343750 1.000000"
6 64.000540 machine_state m5 j0a1d4c!54
6 64.000540 machine_state m6 j0a1d4c!54
5 j0a1d4c!61 machine_state "0a1d4c!61" "1.000000 0.656250 0.000000"
6 64.000570 machine_state m8 j0a1d4c!61
5 j0a1d4c!62 machine_state "0a1d4c!62" "1.000000 0.281250 0.000000"
6 64.000585 machine_state m9 j0a1d4c!62
8 66.000525 kk k "0a1d4c!59"
8 66.000525 km m0 "0a1d4c!59"
8 66.000525 km m1 "0a1d4c!59"
8 66.000525 km m2 "0a1d4c!59"
8 66.000525 km m3 "0a1d4c!59"
8 66.000525 km m4 "0a1d4c!59"
6 66.000525 machine_state m0 w
6 66.000525 machine_state m1 w
6 66.000525 machine_state m2 w
6 66.000525 machine_state m3 w
6 66.000525 machine_state m4 w
8 66.000570 kk k "0a1d4c!61"
8 66.000570 km m8 "0a1d4c!61"
6 66.000570 machine_state m8 w
8 70.000480 kk k "0a1d4c!51"
8 70.000480 km m7 "0a1d4c!51"
6 70.000480 machine_state m7 w
5 j0a1d4c!29 machine_state "0a1d4c!29" "1.000000 0.000000 0.281250"
6 70.000510 machine_state m0 j0a1d4c!29
6 70.000510 machine_state m1 j0a1d4c!29
6 70.000510 machine_state m2 j0a1d4c!29
6 70.000510 machine_state m3 j0a1d4c!29
6 70.000510 machine_state m4 j0a1d4c!29
6 70.000510 machine_state m7 j0a1d4c!29
6 70.000510 machine_state m8 j0a1d4c!29
8 74.000540 kk k "0a1d4c!54"
8 74.000540 km m5 "0a1d4c!54"
8 74.000540 km m6 "0a1d4c!54"
6 74.000540 machine_state m5 w
6 74.000540 machine_state m6 w
5 j0a1d4c!64 machine_state "0a1d4c!64" "0.000000 0.250000 1.000000"
6 74.000555 machine_state m5 j0a1d4c!64
8 76.000585 kk k "0a1d4c!62"
8 76.000585 km m9 "0a1d4c!62"
6 76.000585 machine_state m9 w
8 77.000555 kk k "0a1d4c!64"
8 77.000555 km m5 "0a1d4c!64"
6 77.000555 machine_state m5 w
8 84.000510 kk k "0a1d4c!29"
8 84.000510 km m0 "0a1d4c!29"
8 84.000510 km m1 "0a1d4c!29"
8 84.000510 km m2 "0a1d4c!29"
8 84.000510 km m3 "0a1d4c!29"
8 84.000510 km m4 "0a1d4c!29"
8 84.000510 km m7 "0a1d4c!29"
8 84.000510 km m8 "0a1d4c!29"
6 84.000510 machine_state m0 w
6 84.000510 machine_state m1 w
6 84.000510 machine_state m2 w
6 84.000510 machine_state m3 w
6 84.000510 machine_state m4 w
6 84.000510 machine_state m7 w
6 84.000510 machine_state m8 w
5 j0a1d4c!34 machine_state "0a1d4c!34" "1.000000 0.562500 0.000000"
6 84.000540 machine_state m0 j0a1d4c!34
6 84.000540 machine_state m1 j0a1d4c!34
6 84.000540 machine_state m2 j0a1d4c!34
6 84.000540 machine_state m3 j0a1d4c!34
6 84.000540 machine_state m4 j0a1d4c!34
6 84.000540 machine_state m5 j0a1d4c!34
6 84.000540 machine_state m6 j0a1d4c!34
6 84.000540 machine_state m7 j0a1d4c!34
6 84.000540 machine_state m8 j0a1d4c!34
6 84.000540 machine_state m9 j0a1d4c!34
8 85.000540 kk k "0a1d4c!34"
8 85.000540 km m0 "0a1d4c!34"
8 85.000540 km m1 "0a1d4c!34"
8 85.000540 km m2 "0a1d4c!34"
8 85.000540 km m3 "0a1d4c!34"
8 85.000540 km m4 "0a1d4c!34"
8 85.000540 km m5 "0a1d4c!34"
8 85.000540 km m6 "0a1d4c!34"
8 85.000540 km m7 "0a1d4c!34"
8 85.000540 km m8 "0a1d4c!34"
8 85.000540 km m9 "0a1d4c!34"
6 85.000540 machine_state m0 w
6 85.000540 machine_state m1 w
6 85.000540 machine_state m2 w
6 85.000540 machine_state m3 w
6 85.000540 machine_state m4 w
6 85.000540 machine_state m5 w
6 85.000540 machine_state m6 w
6 85.000540 machine_state m7 w
6 85.000540 machine_state m8 w
6 85.000540 machine_state m9 w
5 j0a1d4c!66 machine_state "0a1d4c!66" "0.312500 1.000000 0.000000"
6 85.000555 machine_state m0 j0a1d4c!66
6 85.000555 machine_state m1 j0a1d4c!66
6 85.000555 machine_state m2 j0a1d4c!66
6 85.000555 machine_state m3 j0a1d4c!66
6 85.000555 machine_state m4 j0a1d4c!66
6 85.000555 machine_state m5 j0a1d4c!66
6 85.000555 machine_state m6 j0a1d4c!66
6 85.000555 machine_state m7 j0a1d4c!66
6 85.000555 machine_state m8 j0a1d4c!66
5 j0a1d4c!67 machine_state "0a1d4c!67" "0.500000 1.000000 0.000000"
6 85.000570 machine_state m9 j0a1d4c!67
8 86.000555 kk k "0a1d4c!66"
8 86.000555 km m0 "0a1d4c!66"
8 86.000555 km m1 "0a1d4c!66"
8 86.000555 km m2 "0a1d4c!66"
8 86.000555 km m3 "0a1d4c!66"
8 86.000555 km m4 "0a1d4c!66"
8 86.000555 km m5 "0a1d4c!66"
8 86.000555 km m6 "0a1d4c!66"
8 86.000555 km m7 "0a1d4c!66"
8 86.000555 km m8 "0a1d4c!66"
6 86.000555 machine_state m0 w
6 86.000555 machine_state m1 w
6 86.000555 machine_state m2 w
6 86.000555 machine_state m3 w
6 86.000555 machine_state m4 w
6 86.000555 machine_state m5 w
6 86.000555 machine_state m6 w
6 86.000555 machine_state m7 w
6 86.000555 machine_state m8 w
5 j0a1d4c!18 machine_state "0a1d4c!18" "1.000000 0.000000 0.375000"
6 86.000570 machine_state m0 j0a1d4c!18
6 86.000570 machine_state m1 j0a1d4c!18
6 86.000570 machine_state m2 j0a1d4c!18
6 86.000570 machine_state m3 j0a1d4c!18
6 86.000570 machine_state m4 j0a1d4c!18
6 86.000570 machine_state m5 j0a1d4c!18
6 86.000570 machine_state m6 j0a1d4c!18
6 86.000570 machine_state m7 j0a1d4c!18
6 86.000570 machine_state m8 j0a1d4c!18
8 87.000570 kk k "0a1d4c!18"
8 87.000570 km m0 "0a1d4c!18"
8 87.000570 km m1 "0a1d4c!18"
8 87.000570 km m2 "0a1d4c!18"
8 87.000570 km m3 "0a1d4c!18"
8 87.000570 km m4 "0a1d4c!18"
8 87.000570 km m5 "0a1d4c!18"
8 87.000570 km m6 "0a1d4c!18"
8 87.000570 km m7 "0a1d4c!18"
8 87.000570 km m8 "0a1d4c!18"
6 87.000570 machine_state m0 w
6 87.000570 machine_state m1 w
6 87.000570 machine_state m2 w
6 87.000570 machine_state m3 w
6 87.000570 machine_state m4 w
6 87.000570 machine_state m5 w
6 87.000570 machine_state m6 w
6 87.000570 machine_state m7 w
6 87.000570 machine_state m8 w
5 j0a1d4c!63 machine_state "0a1d4c!63" "0.406250 1.000000 0.000000"
6 87.000585 machine_state m0 j0a1d4c!63
6 87.000585 machine_state m1 j0a1d4c!63
6 87.000585 machine_state m2 j0a1d4c!63
6 87.000585 machine_state m3 j0a1d4c!63
6 87.000585 machine_state m4 j0a1d4c!63
6 87.000585 machine_state m5 j0a1d4c!63
6 87.000585 machine_state m6 j0a1d4c!63
6 87.000585 machine_state m7 j0a1d4c!63
5 j0a1d4c!70 machine_state "0a1d4c!70" "0.000000 1.000000 0.250000"
6 87.000600 machine_state m8 j0a1d4c!70
8 88.000585 kk k "0a1d4c!63"
8 88.000585 km m0 "0a1d4c!63"
8 88.000585 km m1 "0a1d4c!63"
8 88.000585 km m2 "0a1d4c!63"
8 88.000585 km m3 "0a1d4c!63"
8 88.000585 km m4 "0a1d4c!63"
8 88.000585 km m5 "0a1d4c!63"
8 88.000585 km m6 "0a1d4c!63"
8 88.000585 km m7 "0a1d4c!63"
6 88.000585 machine_state m0 w
6 88.000585 machine_state m1 w
6 88.000585 machine_state m2 w
6 88.000585 machine_state m3 w
6 88.000585 machine_state m4 w
6 88.000585 machine_state m5 w
6 88.000585 machine_state m6 w
6 88.000585 machine_state m7 w
5 j0a1d4c!68 machine_state "0a1d4c!68" "0.000000 0.625000 1.000000"
6 88.000600 machine_state m0 j0a1d4c!68
6 88.000600 machine_state m1 j0a1d4c!68
6 88.000600 machine_state m2 j0a1d4c!68
6 88.000600 machine_state m3 j0a1d4c!68
6 88.000600 machine_state m4 j0a1d4c!68
6 88.000600 machine_state m5 j0a1d4c!68
6 88.000600 machine_state m6 j0a1d4c!68
8 89.000600 kk k "0a1d4c!70"
8 89.000600 km m8 "0a1d4c!70"
6 89.000600 machine_state m8 w
5 j0a1d4c!69 machine_state "0a1d4c!69" "0.000000 1.000000 0.156250"
6 89.000630 machine_state m7 j0a1d4c!69
6 89.000630 machine_state m8 j0a1d4c!69
8 91.000600 kk k "0a1d4c!68"
8 91.000600 km m0 "0a1d4c!68"
8 91.000600 km m1 "0a1d4c!68"
8 91.000600 km m2 "0a1d4c!68"
8 91.000600 km m3 "0a1d4c!68"
8 91.000600 km m4 "0a1d4c!68"
8 91.000600 km m5 "0a1d4c!68"
8 91.000600 km m6 "0a1d4c!68"
6 91.000600 machine_state m0 w
6 91.000600 machine_state m1 w
6 91.000600 machine_state m2 w
6 91.000600 machine_state m3 w
6 91.000600 machine_state m4 w
6 91.000600 machine_state m5 w
6 91.000600 machine_state m6 w
5 j0a1d4c!73 machine_state "0a1d4c!73" "0.406250 0.000000 1.000000"
6 91.000615 machine_state m0 j0a1d4c!73
5 j0a1d4c!74 machine_state "0a1d4c!74" "0.000000 0.812500 1.000000"
6 91.000630 machine_state m1 j0a1d4c!74
6 91.000630 machine_state m2 j0a1d4c!74
6 91.000630 machine_state m3 j0a1d4c!74
6 91.000630 machine_state m4 j0a1d4c!74
6 91.000630 machine_state m5 j0a1d4c!74
8 92.000630 kk k "0a1d4c!69"
8 92.000630 km m7 "0a1d4c!69"
8 92.000630 km m8 "0a1d4c!69"
6 92.000630 machine_state m7 w
6 92.000630 machine_state m8 w
5 j0a1d4c!75 machine_state "0a1d4c!75" "1.000000 0.000000 0.000000"
6 92.000660 machine_state m6 j0a1d4c!75
6 92.000660 machine_state m7 j0a1d4c!75
5 j0a1d4c!78 machine_state "0a1d4c!78" "1.000000 0.750000 0.000000"
6 93.000075 machine_state m8 j0a1d4c!78
8 93.000630 kk k "0a1d4c!74"
8 93.000630 km m1 "0a1d4c!74"
8 93.000630 km m2 "0a1d4c!74"
8 93.000630 km m3 "0a1d4c!74"
8 93.000630 km m4 "0a1d4c!74"
8 93.000630 km m5 "0a1d4c!74"
6 93.000630 machine_state m1 w
6 93.000630 machine_state m2 w
6 93.000630 machine_state m3 w
6 93.000630 machine_state m4 w
6 93.000630 machine_state m5 w
5 j0a1d4c!76 machine_state "0a1d4c!76" "0.593750 0.000000 1.000000"
6 93.000645 machine_state m1 j0a1d4c!76
6 93.000645 machine_state m2 j0a1d4c!76
5 j0a1d4c!77 machine_state "0a1d4c!77" "0.000000 1.000000 0.062500"
6 93.000660 machine_state m3 j0a1d4c!77
5 j0a1d4c!71 machine_state "0a1d4c!71" "0.687500 0.000000 1.000000"
6 93.000675 machine_state m4 j0a1d4c!71
6 93.000675 machine_state m5 j0a1d4c!71
8 94.000615 kk k "0a1d4c!73"
8 94.000615 km m0 "0a1d4c!73"
6 94.000615 machine_state m0 w
8 94.000660 kk k "0a1d4c!75"
8 94.000660 km m6 "0a1d4c!75"
8 94.000660 km m7 "0a1d4c!75"
6 94.000660 machine_state m6 w
6 94.000660 machine_state m7 w
8 94.000660 kk k "0a1d4c!77"
8 94.000660 km m3 "0a1d4c!77"
6 94.000660 machine_state m3 w
5 j0a1d4c!81 machine_state "0a1d4c!81" "0.968750 1.000000 0.000000"
6 94.000675 machine_state m6 j0a1d4c!81
6 94.000675 machine_state m7 j0a1d4c!81
5 j0a1d4c!80 machine_state "0a1d4c!80" "0.000000 1.000000 0.718750"
6 94.000705 machine_state m0 j0a1d4c!80
6 94.000705 machine_state m3 j0a1d4c!80
8 95.000645 kk k "0a1d4c!76"
8 95.000645 km m1 "0a1d4c!76"
8 95.000645 km m2 "0a1d4c!76"
6 95.000645 machine_state m1 w
6 95.000645 machine_state m2 w
5 j0a1d4c!82 machine_state "0a1d4c!82" "0.593750 1.000000 0.000000"
6 95.000660 machine_state m1 j0a1d4c!82
6 95.000660 machine_state m2 j0a1d4c!82
8 95.000675 kk k "0a1d4c!81"
8 95.000675 km m6 "0a1d4c!81"
8 95.000675 km m7 "0a1d4c!81"
6 95.000675 machine_state m6 w
6 95.000675 machine_state m7 w
8 96.000660 kk k "0a1d4c!82"
8 96.000660 km m1 "0a1d4c!82"
8 96.000660 km m2 "0a1d4c!82"
6 96.000660 machine_state m1 w
6 96.000660 machine_state m2 w
8 96.000675 kk k "0a1d4c!71"
8 96.000675 km m4 "0a1d4c!71"
8 96.000675 km m5 "0a1d4c!71"
6 96.000675 machine_state m4 w
6 96.000675 machine_state m5 w
8 97.000570 kk k "0a1d4c!67"
8 97.000570 km m9 "0a1d4c!67"
6 97.000570 machine_state m9 w
8 104.000075 kk k "0a1d4c!78"
8 104.000075 km m8 "0a1d4c!78"
6 104.000075 machine_state m8 w
5 j0a1d4c!83 machine_state "0a1d4c!83" "0.312500 0.000000 1.000000"
6 104.000105 machine_state m1 j0a1d4c!83
6 104.000105 machine_state m2 j0a1d4c!83
6 104.000105 machine_state m4 j0a1d4c!83
6 104.000105 machine_state m5 j0a1d4c!83
6 104.000105 machine_state m6 j0a1d4c!83
6 104.000105 machine_state m7 j0a1d4c!83
6 104.000105 machine_state m8 j0a1d4c!83
6 104.000105 machine_state m9 j0a1d4c!83
8 107.000105 kk k "0a1d4c!83"
8 107.000105 km m1 "0a1d4c!83"
8 107.000105 km m2 "0a1d4c!83"
8 107.000105 km m4 "0a1d4c!83"
8 107.000105 km m5 "0a1d4c!83"
8 107.000105 km m6 "0a1d4c!83"
8 107.000105 km m7 "0a1d4c!83"
8 107.000105 km m8 "0a1d4c!83"
8 107.000105 km m9 "0a1d4c!83"
6 107.000105 machine_state m1 w
6 107.000105 machine_state m2 w
6 107.000105 machine_state m4 w
6 107.000105 machine_state m5 w
6 107.000105 machine_state m6 w
6 107.000105 machine_state m7 w
6 107.000105 machine_state m8 w
6 107.000105 machine_state m9 w
8 107.000705 kk k "0a1d4c!80"
8 107.000705 km m0 "0a1d4c!80"
8 107.000705 km m3 "0a1d4c!80"
6 107.000705 machine_state m0 w
6 107.000705 machine_state m3 w
5 j0a1d4c!84 machine_state "0a1d4c!84" "1.000000 0.000000 0.093750"
6 107.000720 machine_state m0 j0a1d4c!84
6 107.000720 machine_state m1 j0a1d4c!84
6 107.000720 machine_state m2 j0a1d4c!84
6 107.000720 machine_state m3 j0a1d4c!84
6 107.000720 machine_state m4 j0a1d4c!84
6 107.000720 machine_state m5 j0a1d4c!84
6 107.000720 machine_state m6 j0a1d4c!84
6 107.000720 machine_state m7 j0a1d4c!84
6 107.000720 machine_state m8 j0a1d4c!84
6 107.000720 machine_state m9 j0a1d4c!84
8 109.000720 kk k "0a1d4c!84"
8 109.000720 km m0 "0a1d4c!84"
8 109.000720 km m1 "0a1d4c!84"
8 109.000720 km m2 "0a1d4c!84"
8 109.000720 km m3 "0a1d4c!84"
8 109.000720 km m4 "0a1d4c!84"
8 109.000720 km m5 "0a1d4c!84"
8 109.000720 km m6 "0a1d4c!84"
8 109.000720 km m7 "0a1d4c!84"
8 109.000720 km m8 "0a1d4c!84"
8 109.000720 km m9 "0a1d4c!84"
6 109.000720 machine_state m0 w
6 109.000720 machine_state m1 w
6 109.000720 machine_state m2 w
6 109.000720 machine_state m3 w
6 109.000720 machine_state m4 w
6 109.000720 machine_state m5 w
6 109.000720 machine_state m6 w
6 109.000720 machine_state m7 w
6 109.000720 machine_state m8 w
6 109.000720 machine_state m9 w
5 j0a1d4c!85 machine_state "0a1d4c!85" "1.000000 0.000000 0.187500"
6 109.000735 machine_state m0 j0a1d4c!85
6 109.000735 machine_state m1 j0a1d4c!85
6 109.000735 machine_state m2 j0a1d4c!85
6 109.000735 machine_state m3 j0a1d4c!85
6 109.000735 machine_state m4 j0a1d4c!85
6 109.000735 machine_state m5 j0a1d4c!85
5 j0a1d4c!86 machine_state "0a1d4c!86" "1.000000 0.000000 0.937500"
6 109.000750 machine_state m6 j0a1d4c!86
6 109.000750 machine_state m7 j0a1d4c!86
5 j0a1d4c!87 machine_state "0a1d4c!87" "0.000000 0.156250 1.000000"
6 109.000765 machine_state m8 j0a1d4c!87
8 110.000735 kk k "0a1d4c!85"
8 110.000735 km m0 "0a1d4c!85"
8 110.000735 km m1 "0a1d4c!85"
8 110.000735 km m2 "0a1d4c!85"
8 110.000735 km m3 "0a1d4c!85"
8 110.000735 km m4 "0a1d4c!85"
8 110.000735 km m5 "0a1d4c!85"
6 110.000735 machine_state m0 w
6 110.000735 machine_state m1 w
6 110.000735 machine_state m2 w
6 110.000735 machine_state m3 w
6 110.000735 machine_state m4 w
6 110.000735 machine_state m5 w
5 j0a1d4c!88 machine_state "0a1d4c!88" "0.000000 0.718750 1.000000"
6 110.000765 machine_state m0 j0a1d4c!88
6 110.000765 machine_state m1 j0a1d4c!88
6 110.000765 machine_state m2 j0a1d4c!88
6 110.000765 machine_state m3 j0a1d4c!88
6 110.000765 machine_state m4 j0a1d4c!88
6 110.000765 machine_state m5 j0a1d4c!88
6 110.000765 machine_state m9 j0a1d4c!88
8 111.000750 kk k "0a1d4c!86"
8 111.000750 km m6 "0a1d4c!86"
8 111.000750 km m7 "0a1d4c!86"
6 111.000750 machine_state m6 w
6 111.000750 machine_state m7 w
5 j0a1d4c!89 machine_state "0a1d4c!89" "1.000000 0.000000 0.468750"
6 111.000765 machine_state m6 j0a1d4c!89
8 112.000765 kk k "0a1d4c!88"
8 112.000765 km m0 "0a1d4c!88"
8 112.000765 km m1 "0a1d4c!88"
8 112.000765 km m2 "0a1d4c!88"
8 112.000765 km m3 "0a1d4c!88"
8 112.000765 km m4 "0a1d4c!88"
8 112.000765 km m5 "0a1d4c!88"
8 112.000765 km m9 "0a1d4c!88"
6 112.000765 machine_state m0 w
6 112.000765 machine_state m1 w
6 112.000765 machine_state m2 w
6 112.000765 machine_state m3 w
6 112.000765 machine_state m4 w
6 112.000765 machine_state m5 w
6 112.000765 machine_state m9 w
8 112.000765 kk k "0a1d4c!89"
8 112.000765 km m6 "0a1d4c!89"
6 112.000765 machine_state m6 w
5 j0a1d4c!31 machine_state "0a1d4c!31" "0.000000 1.000000 0.812500"
6 112.000810 machine_state m0 j0a1d4c!31
6 112.000810 machine_state m1 j0a1d4c!31
6 112.000810 machine_state m2 j0a1d4c!31
6 112.000810 machine_state m3 j0a1d4c!31
6 112.000810 machine_state m4 j0a1d4c!31
6 112.000810 machine_state m5 j0a1d4c!31
6 112.000810 machine_state m6 j0a1d4c!31
6 112.000810 machine_state m7 j0a1d4c!31
6 112.000810 machine_state m9 j0a1d4c!31
8 114.000810 kk k "0a1d4c!31"
8 114.000810 km m0 "0a1d4c!31"
8 114.000810 km m1 "0a1d4c!31"
8 114.000810 km m2 "0a1d4c!31"
8 114.000810 km m3 "0a1d4c!31"
8 114.000810 km m4 "0a1d4c!31"
8 114.000810 km m5 "0a1d4c!31"
8 114.000810 km m6 "0a1d4c!31"
8 114.000810 km m7 "0a1d4c!31"
8 114.000810 km m9 "0a1d4c!31"
6 114.000810 machine_state m0 w
6 114.000810 machine_state m1 w
6 114.000810 machine_state m2 w
6 114.000810 machine_state m3 w
6 114.000810 machine_state m4 w
6 114.000810 machine_state m5 w
6 114.000810 machine_state m6 w
6 114.000810 machine_state m7 w
6 114.000810 machine_state m9 w
5 j0a1d4c!91 machine_state "0a1d4c!91" "0.000000 0.906250 1.000000"
6 114.000825 machine_state m0 j0a1d4c!91
6 114.000825 machine_state m1 j0a1d4c!91
5 j0a1d4c!92 machine_state "0a1d4c!92" "0.218750 0.000000 1.000000"
6 114.000840 machine_state m2 j0a1d4c!92
5 j0a1d4c!93 machine_state "0a1d4c!93" "0.031250 1.000000 0.000000"
6 114.000855 machine_state m3 j0a1d4c!93
6 114.000855 machine_state m4 j0a1d4c!93
5 j0a1d4c!94 machine_state "0a1d4c!94" "0.000000 1.000000 0.906250"
6 114.000870 machine_state m5 j0a1d4c!94
6 114.000870 machine_state m6 j0a1d4c!94
5 j0a1d4c!95 machine_state "0a1d4c!95" "0.781250 1.000000 0.000000"
6 114.000885 machine_state m7 j0a1d4c!95
8 115.000855 kk k "0a1d4c!93"
8 115.000855 km m3 "0a1d4c!93"
8 115.000855 km m4 "0a1d4c!93"
6 115.000855 machine_state m3 w
6 115.000855 machine_state m4 w
8 116.000825 kk k "0a1d4c!91"
8 116.000825 km m0 "0a1d4c!91"
8 116.000825 km m1 "0a1d4c!91"
6 116.000825 machine_state m0 w
6 116.000825 machine_state m1 w
8 116.000840 kk k "0a1d4c!92"
8 116.000840 km m2 "0a1d4c!92"
6 116.000840 machine_state m2 w
8 117.000870 kk k "0a1d4c!94"
8 117.000870 km m5 "0a1d4c!94"
8 117.000870 km m6 "0a1d4c!94"
6 117.000870 machine_state m5 w
6 117.000870 machine_state m6 w
8 117.000885 kk k "0a1d4c!95"
8 117.000885 km m7 "0a1d4c!95"
6 117.000885 machine_state m7 w
5 j0a1d4c!96 machine_state "0a1d4c!96" "0.218750 1.000000 0.000000"
6 117.000915 machine_state m0 j0a1d4c!96
6 117.000915 machine_state m1 j0a1d4c!96
6 117.000915 machine_state m2 j0a1d4c!96
6 117.000915 machine_state m3 j0a1d4c!96
6 117.000915 machine_state m4 j0a1d4c!96
6 117.000915 machine_state m5 j0a1d4c!96
6 117.000915 machine_state m6 j0a1d4c!96
6 117.000915 machine_state m7 j0a1d4c!96
8 119.000765 kk k "0a1d4c!87"
8 119.000765 km m8 "0a1d4c!87"
6 119.000765 machine_state m8 w
8 119.000915 kk k "0a1d4c!96"
8 119.000915 km m0 "0a1d4c!96"
8 119.000915 km m1 "0a1d4c!96"
8 119.000915 km m2 "0a1d4c!96"
8 119.000915 km m3 "0a1d4c!96"
8 119.000915 km m4 "0a1d4c!96"
8 119.000915 km m5 "0a1d4c!96"
8 119.000915 km m6 "0a1d4c!96"
8 119.000915 km m7 "0a1d4c!96"
6 119.000915 machine_state m0 w
6 119.000915 machine_state m1 w
6 119.000915 machine_state m2 w
6 119.000915 machine_state m3 w
6 119.000915 machine_state m4 w
6 119.000915 machine_state m5 w
6 119.000915 machine_state m6 w
6 119.000915 machine_state m7 w
5 j0a1d4c!90 machine_state "0a1d4c!90" "0.000000 1.000000 0.437500"
6 119.000945 machine_state m0 j0a1d4c!90
6 119.000945 machine_state m1 j0a1d4c!90
6 119.000945 machine_state m2 j0a1d4c!90
6 119.000945 machine_state m3 j0a1d4c!90
6 119.000945 machine_state m4 j0a1d4c!90
6 119.000945 machine_state m5 j0a1d4c!90
6 119.000945 machine_state m6 j0a1d4c!90
6 119.000945 machine_state m7 j0a1d4c!90
6 119.000945 machine_state m8 j0a1d4c!90
6 119.000945 machine_state m9 j0a1d4c!90
8 122.000945 kk k "0a1d4c!90"
8 122.000945 km m0 "0a1d4c!90"
8 122.000945 km m1 "0a1d4c!90"
8 122.000945 km m2 "0a1d4c!90"
8 122.000945 km m3 "0a1d4c!90"
8 122.000945 km m4 "0a1d4c!90"
8 122.000945 km m5 "0a1d4c!90"
8 122.000945 km m6 "0a1d4c!90"
8 122.000945 km m7 "0a1d4c!90"
8 122.000945 km m8 "0a1d4c!90"
8 122.000945 km m9 "0a1d4c!90"
6 122.000945 machine_state m0 w
6 122.000945 machine_state m1 w
6 122.000945 machine_state m2 w
6 122.000945 machine_state m3 w
6 122.000945 machine_state m4 w
6 122.000945 machine_state m5 w
6 122.000945 machine_state m6 w
6 122.000945 machine_state m7 w
6 122.000945 machine_state m8 w
6 122.000945 machine_state m9 w
5 j0a1d4c!35 machine_state "0a1d4c!35" "0.687500 1.000000 0.000000"
6 122.000960 machine_state m0 j0a1d4c!35
6 122.000960 machine_state m1 j0a1d4c!35
6 122.000960 machine_state m2 j0a1d4c!35
6 122.000960 machine_state m3 j0a1d4c!35
6 122.000960 machine_state m4 j0a1d4c!35
6 122.000960 machine_state m5 j0a1d4c!35
6 122.000960 machine_state m6 j0a1d4c!35
6 122.000960 machine_state m7 j0a1d4c!35
6 122.000960 machine_state m8 j0a1d4c!35
6 122.000960 machine_state m9 j0a1d4c!35
8 125.000960 kk k "0a1d4c!35"
8 125.000960 km m0 "0a1d4c!35"
8 125.000960 km m1 "0a1d4c!35"
8 125.000960 km m2 "0a1d4c!35"
8 125.000960 km m3 "0a1d4c!35"
8 125.000960 km m4 "0a1d4c!35"
8 125.000960 km m5 "0a1d4c!35"
8 125.000960 km m6 "0a1d4c!35"
8 125.000960 km m7 "0a1d4c!35"
8 125.000960 km m8 "0a1d4c!35"
8 125.000960 km m9 "0a1d4c!35"
6 125.000960 machine_state m0 w
6 125.000960 machine_state m1 w
6 125.000960 machine_state m2 w
6 125.000960 machine_state m3 w
6 125.000960 machine_state m4 w
6 125.000960 machine_state m5 w
6 125.000960 machine_state m6 w
6 125.000960 machine_state m7 w
6 125.000960 machine_state m8 w
6 125.000960 machine_state m9 w
5 j0a1d4c!99 machine_state "0a1d4c!99" "0.000000 1.000000 0.625000"
6 125.000975 machine_state m0 j0a1d4c!99
5 j0a1d4c!100 machine_state "0a1d4c!100" "0.000000 1.000000 0.531250"
6 125.000990 machine_state m1 j0a1d4c!100
6 125.000990 machine_state m2 j0a1d4c!100
5 j0a1d4c!101 machine_state "0a1d4c!101" "1.000000 0.937500 0.000000"
6 125.001005 machine_state m3 j0a1d4c!101
5 j0a1d4c!102 machine_state "0a1d4c!102" "1.000000 0.000000 0.562500"
6 125.001020 machine_state m4 j0a1d4c!102
8 126.000990 kk k "0a1d4c!100"
8 126.000990 km m1 "0a1d4c!100"
8 126.000990 km m2 "0a1d4c!100"
6 126.000990 machine_state m1 w
6 126.000990 machine_state m2 w
8 126.001020 kk k "0a1d4c!102"
8 126.001020 km m4 "0a1d4c!102"
6 126.001020 machine_state m4 w
5 j0a1d4c!98 machine_state "0a1d4c!98" "1.000000 0.000000 0.750000"
6 126.001050 machine_state m1 j0a1d4c!98
6 126.001050 machine_state m2 j0a1d4c!98
6 126.001050 machine_state m4 j0a1d4c!98
6 126.001050 machine_state m5 j0a1d4c!98
6 126.001050 machine_state m6 j0a1d4c!98
6 126.001050 machine_state m7 j0a1d4c!98
6 126.001050 machine_state m8 j0a1d4c!98
6 126.001050 machine_state m9 j0a1d4c!98
8 127.000975 kk k "0a1d4c!99"
8 127.000975 km m0 "0a1d4c!99"
6 127.000975 machine_state m0 w
8 127.001005 kk k "0a1d4c!101"
8 127.001005 km m3 "0a1d4c!101"
6 127.001005 machine_state m3 w
5 j0a1d4c!104 machine_state "0a1d4c!104" "0.000000 1.000000 1.000000"
6 127.001020 machine_state m0 j0a1d4c!104
6 127.001020 machine_state m3 j0a1d4c!104
8 128.001020 kk k "0a1d4c!104"
8 128.001020 km m0 "0a1d4c!104"
8 128.001020 km m3 "0a1d4c!104"
6 128.001020 machine_state m0 w
6 128.001020 machine_state m3 w
8 137.001050 kk k "0a1d4c!98"
8 137.001050 km m1 "0a1d4c!98"
8 137.001050 km m2 "0a1d4c!98"
8 137.001050 km m4 "0a1d4c!98"
8 137.001050 km m5 "0a1d4c!98"
8 137.001050 km m6 "0a1d4c!98"
8 137.001050 km m7 "0a1d4c!98"
8 137.001050 km m8 "0a1d4c!98"
8 137.001050 km m9 "0a1d4c!98"
6 137.001050 machine_state m1 w
6 137.001050 machine_state m2 w
6 137.001050 machine_state m4 w
6 137.001050 machine_state m5 w
6 137.001050 machine_state m6 w
6 137.001050 machine_state m7 w
6 137.001050 machine_state m8 w
6 137.001050 machine_state m9 w
5 j0a1d4c!103 machine_state "0a1d4c!103" "0.875000 1.000000 0.000000"
6 137.001080 machine_state m0 j0a1d4c!103
6 137.001080 machine_state m1 j0a1d4c!103
6 137.001080 machine_state m2 j0a1d4c!103
6 137.001080 machine_state m3 j0a1d4c!103
6 137.001080 machine_state m4 j0a1d4c!103
6 137.001080 machine_state m5 j0a1d4c!103
6 137.001080 machine_state m6 j0a1d4c!103
6 137.001080 machine_state m7 j0a1d4c!103
6 137.001080 machine_state m8 j0a1d4c!103
8 138.001080 kk k "0a1d4c!103"
8 138.001080 km m0 "0a1d4c!103"
8 138.001080 km m1 "0a1d4c!103"
8 138.001080 km m2 "0a1d4c!103"
8 138.001080 km m3 "0a1d4c!103"
8 138.001080 km m4 "0a1d4c!103"
8 138.001080 km m5 "0a1d4c!103"
8 138.001080 km m6 "0a1d4c!103"
8 138.001080 km m7 "0a1d4c!103"
8 138.001080 km m8 "0a1d4c!103"
6 138.001080 machine_state m0 w
6 138.001080 machine_state m1 w
6 138.001080 machine_state m2 w
6 138.001080 machine_state m3 w
6 138.001080 machine_state m4 w
6 138.001080 machine_state m5 w
6 138.001080 machine_state m6 w
6 138.001080 machine_state m7 w
6 138.001080 machine_state m8 w
5 j0a1d4c!105 machine_state "0a1d4c!105" "0.968750 0.000000 1.000000"
6 138.001110 machine_state m0 j0a1d4c!105
6 138.001110 machine_state m1 j0a1d4c!105
6 138.001110 machine_state m2 j0a1d4c!105
6 138.001110 machine_state m3 j0a1d4c!105
6 138.001110 machine_state m4 j0a1d4c!105
6 138.001110 machine_state m5 j0a1d4c!105
6 138.001110 machine_state m6 j0a1d4c!105
6 138.001110 machine_state m7 j0a1d4c!105
6 138.001110 machine_state m8 j0a1d4c!105
6 138.001110 machine_state m9 j0a1d4c!105
8 140.001110 kk k "0a1d4c!105"
8 140.001110 km m0 "0a1d4c!105"
8 140.001110 km m1 "0a1d4c!105"
8 140.001110 km m2 "0a1d4c!105"
8 140.001110 km m3 "0a1d4c!105"
8 140.001110 km m4 "0a1d4c!105"
8 140.001110 km m5 "0a1d4c!105"
8 140.001110 km m6 "0a1d4c!105"
8 140.001110 km m7 "0a1d4c!105"
8 140.001110 km m8 "0a1d4c!105"
8 140.001110 km m9 "0a1d4c!105"
6 140.001110 machine_state m0 w
6 140.001110 machine_state m1 w
6 140.001110 machine_state m2 w
6 140.001110 machine_state m3 w
6 140.001110 machine_state m4 w
6 140.001110 machine_state m5 w
6 140.001110 machine_state m6 w
6 140.001110 machine_state m7 w
6 140.001110 machine_state m8 w
6 140.001110 machine_state m9 w
5 j0a1d4c!107 machine_state "0a1d4c!107" "1.000000 0.093750 0.000000"
6 140.001125 machine_state m0 j0a1d4c!107
6 140.001125 machine_state m1 j0a1d4c!107
5 j0a1d4c!108 machine_state "0a1d4c!108" "1.000000 0.000000 0.656250"
6 140.001140 machine_state m2 j0a1d4c!108
6 140.001140 machine_state m3 j0a1d4c!108
6 140.001140 machine_state m4 j0a1d4c!108
6 140.001140 machine_state m5 j0a1d4c!108
6 140.001140 machine_state m6 j0a1d4c!108
5 j0a1d4c!109 machine_state "0a1d4c!109" "0.500000 0.000000 1.000000"
6 140.001155 machine_state m7 j0a1d4c!109
8 141.001125 kk k "0a1d4c!107"
8 141.001125 km m0 "0a1d4c!107"
8 141.001125 km m1 "0a1d4c!107"
6 141.001125 machine_state m0 w
6 141.001125 machine_state m1 w
8 143.001140 kk k "0a1d4c!108"
8 143.001140 km m2 "0a1d4c!108"
8 143.001140 km m3 "0a1d4c!108"
8 143.001140 km m4 "0a1d4c!108"
8 143.001140 km m5 "0a1d4c!108"
8 143.001140 km m6 "0a1d4c!108"
6 143.001140 machine_state m2 w
6 143.001140 machine_state m3 w
6 143.001140 machine_state m4 w
6 143.001140 machine_state m5 w
6 143.001140 machine_state m6 w
5 j0a1d4c!106 machine_state "0a1d4c!106" "1.000000 0.000000 0.843750"
6 143.001170 machine_state m0 j0a1d4c!106
6 143.001170 machine_state m1 j0a1d4c!106
6 143.001170 machine_state m2 j0a1d4c!106
6 143.001170 machine_state m3 j0a1d4c!106
6 143.001170 machine_state m4 j0a1d4c!106
8 146.001170 kk k "0a1d4c!106"
8 146.001170 km m0 "0a1d4c!106"
8 146.001170 km m1 "0a1d4c!106"
8 146.001170 km m2 "0a1d4c!106"
8 146.001170 km m3 "0a1d4c!106"
8 146.001170 km m4 "0a1d4c!106"
6 146.001170 machine_state m0 w
6 146.001170 machine_state m1 w
6 146.001170 machine_state m2 w
6 146.001170 machine_state m3 w
6 146.001170 machine_state m4 w
5 j0a1d4c!50 machine_state "0a1d4c!50" "0.000000 1.000000 0.343750"
6 146.001200 machine_state m0 j0a1d4c!50
6 146.001200 machine_state m1 j0a1d4c!50
6 146.001200 machine_state m2 j0a1d4c!50
6 146.001200 machine_state m3 j0a1d4c!50
6 146.001200 machine_state m4 j0a1d4c!50
6 146.001200 machine_state m5 j0a1d4c!50
6 146.001200 machine_state m6 j0a1d4c!50
6 146.001200 machine_state m8 j0a1d4c!50
8 152.001155 kk k "0a1d4c!109"
8 152.001155 km m7 "0a1d4c!109"
6 152.001155 machine_state m7 w
8 158.001200 kk k "0a1d4c!50"
8 158.001200 km m0 "0a1d4c!50"
8 158.001200 km m1 "0a1d4c!50"
8 158.001200 km m2 "0a1d4c!50"
8 158.001200 km m3 "0a1d4c!50"
8 158.001200 km m4 "0a1d4c!50"
8 158.001200 km m5 "0a1d4c!50"
8 158.001200 km m6 "0a1d4c!50"
8 158.001200 km m8 "0a1d4c!50"
6 158.001200 machine_state m0 w
6 158.001200 machine_state m1 w
6 158.001200 machine_state m2 w
6 158.001200 machine_state m3 w
6 158.001200 machine_state m4 w
6 158.001200 machine_state m5 w
6 158.001200 machine_state m6 w
6 158.001200 machine_state m8 w
5 j0a1d4c!60 machine_state "0a1d4c!60" "0.000000 0.531250 1.000000"
6 158.001230 machine_state m0 j0a1d4c!60
6 158.001230 machine_state m1 j0a1d4c!60
6 158.001230 machine_state m2 j0a1d4c!60
6 158.001230 machine_state m3 j0a1d4c!60
6 158.001230 machine_state m4 j0a1d4c!60
6 158.001230 machine_state m5 j0a1d4c!60
6 158.001230 machine_state m6 j0a1d4c!60
6 158.001230 machine_state m7 j0a1d4c!60
6 158.001230 machine_state m8 j0a1d4c!60
6 158.001230 machine_state m9 j0a1d4c!60
8 161.001230 kk k "0a1d4c!60"
8 161.001230 km m0 "0a1d4c!60"
8 161.001230 km m1 "0a1d4c!60"
8 161.001230 km m2 "0a1d4c!60"
8 161.001230 km m3 "0a1d4c!60"
8 161.001230 km m4 "0a1d4c!60"
8 161.001230 km m5 "0a1d4c!60"
8 161.001230 km m6 "0a1d4c!60"
8 161.001230 km m7 "0a1d4c!60"
8 161.001230 km m8 "0a1d4c!60"
8 161.001230 km m9 "0a1d4c!60"
6 161.001230 machine_state m0 w
6 161.001230 machine_state m1 w
6 161.001230 machine_state m2 w
6 161.001230 machine_state m3 w
6 161.001230 machine_state m4 w
6 161.001230 machine_state m5 w
6 161.001230 machine_state m6 w
6 161.001230 machine_state m7 w
6 161.001230 machine_state m8 w
6 161.001230 machine_state m9 w
5 j0a1d4c!72 machine_state "0a1d4c!72" "0.125000 0.000000 1.000000"
6 161.001245 machine_state m0 j0a1d4c!72
6 161.001245 machine_state m1 j0a1d4c!72
6 161.001245 machine_state m2 j0a1d4c!72
6 161.001245 machine_state m3 j0a1d4c!72
6 161.001245 machine_state m4 j0a1d4c!72
6 161.001245 machine_state m5 j0a1d4c!72
6 161.001245 machine_state m6 j0a1d4c!72
6 161.001245 machine_state m7 j0a1d4c!72
6 161.001245 machine_state m8 j0a1d4c!72
6 161.001245 machine_state m9 j0a1d4c!72
8 171.001245 kk k "0a1d4c!72"
8 171.001245 km m0 "0a1d4c!72"
8 171.001245 km m1 "0a1d4c!72"
8 171.001245 km m2 "0a1d4c!72"
8 171.001245 km m3 "0a1d4c!72"
8 171.001245 km m4 "0a1d4c!72"
8 171.001245 km m5 "0a1d4c!72"
8 171.001245 km m6 "0a1d4c!72"
8 171.001245 km m7 "0a1d4c!72"
8 171.001245 km m8 "0a1d4c!72"
8 171.001245 km m9 "0a1d4c!72"
6 171.001245 machine_state m0 w
6 171.001245 machine_state m1 w
6 171.001245 machine_state m2 w
6 171.001245 machine_state m3 w
6 171.001245 machine_state m4 w
6 171.001245 machine_state m5 w
6 171.001245 machine_state m6 w
6 171.001245 machine_state m7 w
6 171.001245 machine_state m8 w
6 171.001245 machine_state m9 w
5 j0a1d4c!30 machine_state "0a1d4c!30" "1.000000 0.843750 0.000000"
6 171.001260 machine_state m0 j0a1d4c!30
6 171.001260 machine_state m1 j0a1d4c!30
6 171.001260 machine_state m2 j0a1d4c!30
6 171.001260 machine_state m3 j0a1d4c!30
6 171.001260 machine_state m4 j0a1d4c!30
6 171.001260 machine_state m5 j0a1d4c!30
6 171.001260 machine_state m6 j0a1d4c!30
6 171.001260 machine_state m7 j0a1d4c!30
6 171.001260 machine_state m8 j0a1d4c!30
6 171.001260 machine_state m9 j0a1d4c!30
8 183.001260 kk k "0a1d4c!30"
8 183.001260 km m0 "0a1d4c!30"
8 183.001260 km m1 "0a1d4c!30"
8 183.001260 km m2 "0a1d4c!30"
8 183.001260 km m3 "0a1d4c!30"
8 183.001260 km m4 "0a1d4c!30"
8 183.001260 km m5 "0a1d4c!30"
8 183.001260 km m6 "0a1d4c!30"
8 183.001260 km m7 "0a1d4c!30"
8 183.001260 km m8 "0a1d4c!30"
8 183.001260 km m9 "0a1d4c!30"
6 183.001260 machine_state m0 w
6 183.001260 machine_state m1 w
6 183.001260 machine_state m2 w
6 183.001260 machine_state m3 w
6 183.001260 machine_state m4 w
6 183.001260 machine_state m5 w
6 183.001260 machine_state m6 w
6 183.001260 machine_state m7 w
6 183.001260 machine_state m8 w
6 183.001260 machine_state m9 w
5 j0a1d4c!97 machine_state "0a1d4c!97" "0.000000 0.437500 1.000000"
6 183.001275 machine_state m0 j0a1d4c!97
6 183.001275 machine_state m1 j0a1d4c!97
6 183.001275 machine_state m2 j0a1d4c!97
6 183.001275 machine_state m3 j0a1d4c!97
6 183.001275 machine_state m4 j0a1d4c!97
6 183.001275 machine_state m5 j0a1d4c!97
6 183.001275 machine_state m6 j0a1d4c!97
6 183.001275 machine_state m7 j0a1d4c!97
8 195.001275 kk k "0a1d4c!97"
8 195.001275 km m0 "0a1d4c!97"
8 195.001275 km m1 "0a1d4c!97"
8 195.001275 km m2 "0a1d4c!97"
8 195.001275 km m3 "0a1d4c!97"
8 195.001275 km m4 "0a1d4c!97"
8 195.001275 km m5 "0a1d4c!97"
8 195.001275 km m6 "0a1d4c!97"
8 195.001275 km m7 "0a1d4c!97"
6 195.001275 machine_state m0 w
6 195.001275 machine_state m1 w
6 195.001275 machine_state m2 w
6 195.001275 machine_state m3 w
6 195.001275 machine_state m4 w
6 195.001275 machine_state m5 w
6 195.001275 machine_state m6 w
6 195.001275 machine_state m7 w
5 j0a1d4c!58 machine_state "0a1d4c!58" "0.781250 0.000000 1.000000"
6 195.001290 machine_state m0 j0a1d4c!58
6 195.001290 machine_state m1 j0a1d4c!58
6 195.001290 machine_state m2 j0a1d4c!58
6 195.001290 machine_state m3 j0a1d4c!58
6 195.001290 machine_state m4 j0a1d4c!58
6 195.001290 machine_state m5 j0a1d4c!58
6 195.001290 machine_state m6 j0a1d4c!58
6 195.001290 machine_state m7 j0a1d4c!58
8 208.001290 kk k "0a1d4c!58"
8 208.001290 km m0 "0a1d4c!58"
8 208.001290 km m1 "0a1d4c!58"
8 208.001290 km m2 "0a1d4c!58"
8 208.001290 km m3 "0a1d4c!58"
8 208.001290 km m4 "0a1d4c!58"
8 208.001290 km m5 "0a1d4c!58"
8 208.001290 km m6 "0a1d4c!58"
8 208.001290 km m7 "0a1d4c!58"
6 208.001290 machine_state m0 w
6 208.001290 machine_state m1 w
6 208.001290 machine_state m2 w
6 208.001290 machine_state m3 w
6 208.001290 machine_state m4 w
6 208.001290 machine_state m5 w
6 208.001290 machine_state m6 w
6 208.001290 machine_state m7 w
5 j0a1d4c!110 machine_state "0a1d4c!110" "0.031250 0.000000 1.000000"
6 208.001305 machine_state m0 j0a1d4c!110
6 208.001305 machine_state m1 j0a1d4c!110
6 208.001305 machine_state m2 j0a1d4c!110
6 208.001305 machine_state m3 j0a1d4c!110
6 208.001305 machine_state m4 j0a1d4c!110
6 208.001305 machine_state m5 j0a1d4c!110
8 221.001305 kk k "0a1d4c!110"
8 221.001305 km m0 "0a1d4c!110"
8 221.001305 km m1 "0a1d4c!110"
8 221.001305 km m2 "0a1d4c!110"
8 221.001305 km m3 "0a1d4c!110"
8 221.001305 km m4 "0a1d4c!110"
8 221.001305 km m5 "0a1d4c!110"
6 221.001305 machine_state m0 w
6 221.001305 machine_state m1 w
6 221.001305 machine_state m2 w
6 221.001305 machine_state m3 w
6 221.001305 machine_state m4 w
6 221.001305 machine_state m5 w
5 j0a1d4c!65 machine_state "0a1d4c!65" "1.000000 0.375000 0.000000"
6 221.001335 machine_state m0 j0a1d4c!65
6 221.001335 machine_state m1 j0a1d4c!65
6 221.001335 machine_state m2 j0a1d4c!65
6 221.001335 machine_state m3 j0a1d4c!65
6 221.001335 machine_state m4 j0a1d4c!65
6 221.001335 machine_state m5 j0a1d4c!65
6 221.001335 machine_state m6 j0a1d4c!65
6 221.001335 machine_state m7 j0a1d4c!65
6 221.001335 machine_state m8 j0a1d4c!65
6 221.001335 machine_state m9 j0a1d4c!65
8 236.001335 kk k "0a1d4c!65"
8 236.001335 km m0 "0a1d4c!65"
8 236.001335 km m1 "0a1d4c!65"
8 236.001335 km m2 "0a1d4c!65"
8 236.001335 km m3 "0a1d4c!65"
8 236.001335 km m4 "0a1d4c!65"
8 236.001335 km m5 "0a1d4c!65"
8 236.001335 km m6 "0a1d4c!65"
8 236.001335 km m7 "0a1d4c!65"
8 236.001335 km m8 "0a1d4c!65"
8 236.001335 km m9 "0a1d4c!65"
6 236.001335 machine_state m0 w
6 236.001335 machine_state m1 w
6 236.001335 machine_state m2 w
6 236.001335 machine_state m3 w
6 236.001335 machine_state m4 w
6 236.001335 machine_state m5 w
6 236.001335 machine_state m6 w
6 236.001335 machine_state m7 w
6 236.001335 machine_state m8 w
6 236.001335 machine_state m9 w
5 j0a1d4c!79 machine_state "0a1d4c!79" "1.000000 0.187500 0.000000"
6 236.001350 machine_state m0 j0a1d4c!79
6 236.001350 machine_state m1 j0a1d4c!79
6 236.001350 machine_state m2 j0a1d4c!79
6 236.001350 machine_state m3 j0a1d4c!79
6 236.001350 machine_state m4 j0a1d4c!79
6 236.001350 machine_state m5 j0a1d4c!79
6 236.001350 machine_state m6 j0a1d4c!79
6 236.001350 machine_state m7 j0a1d4c!79
8 251.001350 kk k "0a1d4c!79"
8 251.001350 km m0 "0a1d4c!79"
8 251.001350 km m1 "0a1d4c!79"
8 251.001350 km m2 "0a1d4c!79"
8 251.001350 km m3 "0a1d4c!79"
8 251.001350 km m4 "0a1d4c!79"
8 251.001350 km m5 "0a1d4c!79"
8 251.001350 km m6 "0a1d4c!79"
8 251.001350 km m7 "0a1d4c!79"
6 251.001350 machine_state m0 w
6 251.001350 machine_state m1 w
6 251.001350 machine_state m2 w
6 251.001350 machine_state m3 w
6 251.001350 machine_state m4 w
6 251.001350 machine_state m5 w
6 251.001350 machine_state m6 w
6 251.001350 machine_state m7 w

# End of events, containers destruction
3 252.000000 m0 machine_ct
3 252.000000 m1 machine_ct
3 252.000000 m2 machine_ct
3 252.000000 m3 machine_ct
3 252.000000 m4 machine_ct
3 252.000000 m5 machine_ct
3 252.000000 m6 machine_ct
3 252.000000 m7 machine_ct
3 252.000000 m8 machine_ct
3 252.000000 m9 machine_ct
3 252.000000 root root_ct
